<?xml version="1.0" encoding="UTF-8"?>
<!-- Generated by org.testng.reporters.JUnitXMLReporter -->
<testsuite ignored="0" hostname="LAPTOP-274IQSMN" failures="0" tests="7" name="Test" time="33.372" errors="0" timestamp="2022-02-05T21:55:19 EST">
  <testcase classname="testcases.testchecks" name="arrayscheck" time="5.346"/>
  <testcase classname="testcases.testchecks" name="datastructurescheck" time="3.943"/>
  <testcase classname="testcases.testchecks" name="graphscheck" time="3.383"/>
  <testcase classname="testcases.testchecks" name="linkedlistcheck" time="5.551"/>
  <testcase classname="testcases.testchecks" name="queuescheck" time="4.253"/>
  <testcase classname="testcases.testchecks" name="stackscheck" time="3.787"/>
  <testcase classname="testcases.testchecks" name="treescheck" time="7.027"/>
</testsuite> <!-- Test -->
