<?xml version="1.0" encoding="UTF-8"?>
<testng-results ignored="0" total="2" passed="2" failed="0" skipped="0">
  <reporter-output>
  </reporter-output>
  <suite started-at="2022-02-09T16:58:28 EST" name="Default suite" finished-at="2022-02-09T16:58:42 EST" duration-ms="13565">
    <groups>
    </groups>
    <test started-at="2022-02-09T16:58:28 EST" name="Default test" finished-at="2022-02-09T16:58:42 EST" duration-ms="13565">
      <class name="testcases.logintest">
        <test-method signature="loginTest(java.lang.String,java.lang.String,java.lang.String)[pri:0, instance:testcases.logintest@3646a422]" started-at="2022-02-09T16:58:29 EST" name="loginTest" data-provider="LoginData" finished-at="2022-02-09T16:58:40 EST" duration-ms="10993" status="PASS">
          <params>
            <param index="0">
              <value>
                <![CDATA[admin]]>
              </value>
            </param>
            <param index="1">
              <value>
                <![CDATA[password]]>
              </value>
            </param>
            <param index="2">
              <value>
                <![CDATA[Invalid]]>
              </value>
            </param>
          </params>
          <reporter-output>
          </reporter-output>
        </test-method> <!-- loginTest -->
        <test-method signature="loginTest(java.lang.String,java.lang.String,java.lang.String)[pri:0, instance:testcases.logintest@3646a422]" started-at="2022-02-09T16:58:40 EST" name="loginTest" data-provider="LoginData" finished-at="2022-02-09T16:58:42 EST" duration-ms="2103" status="PASS">
          <params>
            <param index="0">
              <value>
                <![CDATA[admin]]>
              </value>
            </param>
            <param index="1">
              <value>
                <![CDATA[password]]>
              </value>
            </param>
            <param index="2">
              <value>
                <![CDATA[Invalid]]>
              </value>
            </param>
          </params>
          <reporter-output>
          </reporter-output>
        </test-method> <!-- loginTest -->
      </class> <!-- testcases.logintest -->
    </test> <!-- Default test -->
  </suite> <!-- Default suite -->
</testng-results>
